<?xml version="1.0" encoding="UTF-8"?>
<robot generator="Robot 3.2.2 (Python 3.8.5 on win32)" generated="20201130 11:42:13.275" rpa="false">
<suite id="s1" name="NopEcommerce TestSuite" source="D:\Ecolab Digital Center\Selenium\Robot Framework\NopEcommerce\TestCases\NopEcommerce_TestSuite.robot">
<kw name="Open Browser" library="SeleniumLibrary" type="setup">
<doc>Opens a new browser instance to the optional ``url``.</doc>
<arguments>
<arg>browser=chrome</arg>
</arguments>
<msg timestamp="20201130 11:42:13.710" level="INFO">Opening browser 'chrome' to base url 'None'.</msg>
<status status="PASS" starttime="20201130 11:42:13.710" endtime="20201130 11:42:22.723"></status>
</kw>
<test id="s1-t1" name="Check mobile purchase flow">
<kw name="Go To" library="SeleniumLibrary" type="setup">
<doc>Navigates the current browser window to the provided ``url``.</doc>
<arguments>
<arg>https://frontend.nopcommerce.com/</arg>
</arguments>
<msg timestamp="20201130 11:42:22.725" level="INFO">Opening url 'https://frontend.nopcommerce.com/'</msg>
<status status="PASS" starttime="20201130 11:42:22.725" endtime="20201130 11:42:27.349"></status>
</kw>
<kw name="Select Mobile Options from Electronics">
<kw name="Maximize Browser Window" library="SeleniumLibrary">
<doc>Maximizes current browser window.</doc>
<status status="PASS" starttime="20201130 11:42:27.351" endtime="20201130 11:42:29.581"></status>
</kw>
<kw name="Sleep" library="BuiltIn">
<doc>Pauses the test executed for the given time.</doc>
<arguments>
<arg>5s</arg>
</arguments>
<msg timestamp="20201130 11:42:34.587" level="INFO">Slept 5 seconds</msg>
<status status="PASS" starttime="20201130 11:42:29.581" endtime="20201130 11:42:34.588"></status>
</kw>
<kw name="Mouse Over" library="SeleniumLibrary">
<doc>Simulates hovering the mouse over the element ``locator``.</doc>
<arguments>
<arg>${Opt_Electronics}</arg>
</arguments>
<msg timestamp="20201130 11:42:34.590" level="INFO">Simulating Mouse Over on element 'xpath = (//a[text()="Electronics "])[1]'.</msg>
<kw name="Capture Page Screenshot" library="SeleniumLibrary">
<doc>Takes a screenshot of the current page and embeds it into a log file.</doc>
<msg timestamp="20201130 11:42:35.320" level="INFO" html="yes">&lt;/td&gt;&lt;/tr&gt;&lt;tr&gt;&lt;td colspan="3"&gt;&lt;a href="selenium-screenshot-6.png"&gt;&lt;img src="selenium-screenshot-6.png" width="800px"&gt;&lt;/a&gt;</msg>
<status status="PASS" starttime="20201130 11:42:34.687" endtime="20201130 11:42:35.321"></status>
</kw>
<msg timestamp="20201130 11:42:35.327" level="FAIL">Element with locator 'xpath = (//a[text()="Electronics "])[1]' not found.</msg>
<status status="FAIL" starttime="20201130 11:42:34.589" endtime="20201130 11:42:35.328"></status>
</kw>
<status status="FAIL" starttime="20201130 11:42:27.350" endtime="20201130 11:42:35.328"></status>
</kw>
<doc>Check the mobile purchase flow</doc>
<status status="FAIL" starttime="20201130 11:42:22.723" endtime="20201130 11:42:35.328" critical="yes">Element with locator 'xpath = (//a[text()="Electronics "])[1]' not found.</status>
</test>
<kw name="Close Browser" library="SeleniumLibrary" type="teardown">
<doc>Closes the current browser.</doc>
<status status="PASS" starttime="20201130 11:42:35.334" endtime="20201130 11:42:39.843"></status>
</kw>
<doc>Testing the mobile purchase flow</doc>
<status status="FAIL" starttime="20201130 11:42:13.289" endtime="20201130 11:42:39.843"></status>
</suite>
<statistics>
<total>
<stat pass="0" fail="1">Critical Tests</stat>
<stat pass="0" fail="1">All Tests</stat>
</total>
<tag>
</tag>
<suite>
<stat pass="0" fail="1" id="s1" name="NopEcommerce TestSuite">NopEcommerce TestSuite</stat>
</suite>
</statistics>
<errors>
</errors>
</robot>
